build/app/intermediates/manifest_merge_blame_file/release/processReleaseMainManifest/manifest-merger-blame-release-report.txt
1<?xml version="1.0" encoding="utf-8"?>
2<manifest xmlns:android="http://schemas.android.com/apk/res/android"
3    package="com.example.terlinet"
4    android:versionCode="1"
5    android:versionName="1.0.0" >
6
7    <uses-sdk
8        android:minSdkVersion="21"
9        android:targetSdkVersion="35" />
10
11    <uses-permission android:name="android.permission.INTERNET" />
11-->src\main\AndroidManifest.xml:2:5-67
11-->src\main\AndroidManifest.xml:2:22-64
12
13    <queries>
13-->src\main\AndroidManifest.xml:30:5-41:15
14        <intent>
14-->src\main\AndroidManifest.xml:31:9-36:18
15            <action android:name="android.intent.action.VIEW" />
15-->src\main\AndroidManifest.xml:32:13-65
15-->src\main\AndroidManifest.xml:32:21-62
16
17            <category android:name="android.intent.category.DEFAULT" />
17-->src\main\AndroidManifest.xml:33:13-72
17-->src\main\AndroidManifest.xml:33:23-69
18            <category android:name="android.intent.category.BROWSABLE" />
18-->src\main\AndroidManifest.xml:34:13-74
18-->src\main\AndroidManifest.xml:34:23-71
19
20            <data android:scheme="solana-wallet" />
20-->src\main\AndroidManifest.xml:35:13-52
20-->src\main\AndroidManifest.xml:35:19-49
21        </intent>
22        <intent>
22-->src\main\AndroidManifest.xml:37:9-40:18
23            <action android:name="android.intent.action.PROCESS_TEXT" />
23-->src\main\AndroidManifest.xml:38:13-72
23-->src\main\AndroidManifest.xml:38:21-70
24
25            <data android:mimeType="text/plain" />
25-->src\main\AndroidManifest.xml:35:13-52
25-->src\main\AndroidManifest.xml:39:19-48
26        </intent>
27        <!-- Support querying whether an app with the wallet endpoint role is available -->
28        <intent>
28-->[com.solanamobile:mobile-wallet-adapter-clientlib:1.1.0] AndroidManifest.xml:14:9-20:18
29            <action android:name="android.intent.action.VIEW" />
29-->src\main\AndroidManifest.xml:32:13-65
29-->src\main\AndroidManifest.xml:32:21-62
30
31            <category android:name="android.intent.category.BROWSABLE" />
31-->src\main\AndroidManifest.xml:34:13-74
31-->src\main\AndroidManifest.xml:34:23-71
32
33            <data android:scheme="solana-wallet" />
33-->src\main\AndroidManifest.xml:35:13-52
33-->src\main\AndroidManifest.xml:35:19-49
34        </intent>
35    </queries>
36
37    <permission
37-->[androidx.core:core:1.13.1] AndroidManifest.xml:22:5-24:47
38        android:name="com.example.terlinet.DYNAMIC_RECEIVER_NOT_EXPORTED_PERMISSION"
38-->[androidx.core:core:1.13.1] AndroidManifest.xml:23:9-81
39        android:protectionLevel="signature" />
39-->[androidx.core:core:1.13.1] AndroidManifest.xml:24:9-44
40
41    <uses-permission android:name="com.example.terlinet.DYNAMIC_RECEIVER_NOT_EXPORTED_PERMISSION" />
41-->[androidx.core:core:1.13.1] AndroidManifest.xml:26:5-97
41-->[androidx.core:core:1.13.1] AndroidManifest.xml:26:22-94
42    <uses-permission android:name="android.permission.ACCESS_NETWORK_STATE" />
42-->[com.solanamobile:mobile-wallet-adapter-clientlib:1.1.0] AndroidManifest.xml:9:5-79
42-->[com.solanamobile:mobile-wallet-adapter-clientlib:1.1.0] AndroidManifest.xml:9:22-76
43
44    <application
45        android:name="android.app.Application"
45-->src\main\AndroidManifest.xml:6:9-42
46        android:appComponentFactory="androidx.core.app.CoreComponentFactory"
46-->[androidx.core:core:1.13.1] AndroidManifest.xml:28:18-86
47        android:extractNativeLibs="true"
48        android:icon="@mipmap/launcher_icon"
48-->src\main\AndroidManifest.xml:7:9-45
49        android:label="TerlineT" >
49-->src\main\AndroidManifest.xml:5:9-33
50        <activity
50-->src\main\AndroidManifest.xml:8:9-25:20
51            android:name="com.example.terlinet.MainActivity"
51-->src\main\AndroidManifest.xml:9:13-41
52            android:configChanges="orientation|keyboardHidden|keyboard|screenSize|smallestScreenSize|locale|layoutDirection|fontScale|screenLayout|density|uiMode"
52-->src\main\AndroidManifest.xml:14:13-163
53            android:exported="true"
53-->src\main\AndroidManifest.xml:10:13-36
54            android:hardwareAccelerated="true"
54-->src\main\AndroidManifest.xml:15:13-47
55            android:launchMode="singleTop"
55-->src\main\AndroidManifest.xml:11:13-43
56            android:taskAffinity=""
56-->src\main\AndroidManifest.xml:12:13-36
57            android:theme="@style/LaunchTheme"
57-->src\main\AndroidManifest.xml:13:13-47
58            android:windowSoftInputMode="adjustResize" >
58-->src\main\AndroidManifest.xml:16:13-55
59            <meta-data
59-->src\main\AndroidManifest.xml:17:13-20:17
60                android:name="io.flutter.embedding.android.NormalTheme"
60-->src\main\AndroidManifest.xml:18:15-70
61                android:resource="@style/NormalTheme" />
61-->src\main\AndroidManifest.xml:19:15-52
62
63            <intent-filter>
63-->src\main\AndroidManifest.xml:21:13-24:29
64                <action android:name="android.intent.action.MAIN" />
64-->src\main\AndroidManifest.xml:22:17-68
64-->src\main\AndroidManifest.xml:22:25-66
65
66                <category android:name="android.intent.category.LAUNCHER" />
66-->src\main\AndroidManifest.xml:23:17-76
66-->src\main\AndroidManifest.xml:23:27-74
67            </intent-filter>
68        </activity>
69
70        <meta-data
70-->src\main\AndroidManifest.xml:26:9-28:33
71            android:name="flutterEmbedding"
71-->src\main\AndroidManifest.xml:27:13-44
72            android:value="2" />
72-->src\main\AndroidManifest.xml:28:13-30
73
74        <activity
74-->[:url_launcher_android] AndroidManifest.xml:8:9-11:74
75            android:name="io.flutter.plugins.urllauncher.WebViewActivity"
75-->[:url_launcher_android] AndroidManifest.xml:9:13-74
76            android:exported="false"
76-->[:url_launcher_android] AndroidManifest.xml:10:13-37
77            android:theme="@android:style/Theme.NoTitleBar.Fullscreen" />
77-->[:url_launcher_android] AndroidManifest.xml:11:13-71
78
79        <uses-library
79-->[androidx.window:window:1.2.0] AndroidManifest.xml:23:9-25:40
80            android:name="androidx.window.extensions"
80-->[androidx.window:window:1.2.0] AndroidManifest.xml:24:13-54
81            android:required="false" />
81-->[androidx.window:window:1.2.0] AndroidManifest.xml:25:13-37
82        <uses-library
82-->[androidx.window:window:1.2.0] AndroidManifest.xml:26:9-28:40
83            android:name="androidx.window.sidecar"
83-->[androidx.window:window:1.2.0] AndroidManifest.xml:27:13-51
84            android:required="false" />
84-->[androidx.window:window:1.2.0] AndroidManifest.xml:28:13-37
85
86        <provider
86-->[androidx.lifecycle:lifecycle-process:2.7.0] AndroidManifest.xml:24:9-32:20
87            android:name="androidx.startup.InitializationProvider"
87-->[androidx.lifecycle:lifecycle-process:2.7.0] AndroidManifest.xml:25:13-67
88            android:authorities="com.example.terlinet.androidx-startup"
88-->[androidx.lifecycle:lifecycle-process:2.7.0] AndroidManifest.xml:26:13-68
89            android:exported="false" >
89-->[androidx.lifecycle:lifecycle-process:2.7.0] AndroidManifest.xml:27:13-37
90            <meta-data
90-->[androidx.lifecycle:lifecycle-process:2.7.0] AndroidManifest.xml:29:13-31:52
91                android:name="androidx.lifecycle.ProcessLifecycleInitializer"
91-->[androidx.lifecycle:lifecycle-process:2.7.0] AndroidManifest.xml:30:17-78
92                android:value="androidx.startup" />
92-->[androidx.lifecycle:lifecycle-process:2.7.0] AndroidManifest.xml:31:17-49
93            <meta-data
93-->[androidx.profileinstaller:profileinstaller:1.3.1] AndroidManifest.xml:29:13-31:52
94                android:name="androidx.profileinstaller.ProfileInstallerInitializer"
94-->[androidx.profileinstaller:profileinstaller:1.3.1] AndroidManifest.xml:30:17-85
95                android:value="androidx.startup" />
95-->[androidx.profileinstaller:profileinstaller:1.3.1] AndroidManifest.xml:31:17-49
96        </provider>
97
98        <receiver
98-->[androidx.profileinstaller:profileinstaller:1.3.1] AndroidManifest.xml:34:9-52:20
99            android:name="androidx.profileinstaller.ProfileInstallReceiver"
99-->[androidx.profileinstaller:profileinstaller:1.3.1] AndroidManifest.xml:35:13-76
100            android:directBootAware="false"
100-->[androidx.profileinstaller:profileinstaller:1.3.1] AndroidManifest.xml:36:13-44
101            android:enabled="true"
101-->[androidx.profileinstaller:profileinstaller:1.3.1] AndroidManifest.xml:37:13-35
102            android:exported="true"
102-->[androidx.profileinstaller:profileinstaller:1.3.1] AndroidManifest.xml:38:13-36
103            android:permission="android.permission.DUMP" >
103-->[androidx.profileinstaller:profileinstaller:1.3.1] AndroidManifest.xml:39:13-57
104            <intent-filter>
104-->[androidx.profileinstaller:profileinstaller:1.3.1] AndroidManifest.xml:40:13-42:29
105                <action android:name="androidx.profileinstaller.action.INSTALL_PROFILE" />
105-->[androidx.profileinstaller:profileinstaller:1.3.1] AndroidManifest.xml:41:17-91
105-->[androidx.profileinstaller:profileinstaller:1.3.1] AndroidManifest.xml:41:25-88
106            </intent-filter>
107            <intent-filter>
107-->[androidx.profileinstaller:profileinstaller:1.3.1] AndroidManifest.xml:43:13-45:29
108                <action android:name="androidx.profileinstaller.action.SKIP_FILE" />
108-->[androidx.profileinstaller:profileinstaller:1.3.1] AndroidManifest.xml:44:17-85
108-->[androidx.profileinstaller:profileinstaller:1.3.1] AndroidManifest.xml:44:25-82
109            </intent-filter>
110            <intent-filter>
110-->[androidx.profileinstaller:profileinstaller:1.3.1] AndroidManifest.xml:46:13-48:29
111                <action android:name="androidx.profileinstaller.action.SAVE_PROFILE" />
111-->[androidx.profileinstaller:profileinstaller:1.3.1] AndroidManifest.xml:47:17-88
111-->[androidx.profileinstaller:profileinstaller:1.3.1] AndroidManifest.xml:47:25-85
112            </intent-filter>
113            <intent-filter>
113-->[androidx.profileinstaller:profileinstaller:1.3.1] AndroidManifest.xml:49:13-51:29
114                <action android:name="androidx.profileinstaller.action.BENCHMARK_OPERATION" />
114-->[androidx.profileinstaller:profileinstaller:1.3.1] AndroidManifest.xml:50:17-95
114-->[androidx.profileinstaller:profileinstaller:1.3.1] AndroidManifest.xml:50:25-92
115            </intent-filter>
116        </receiver>
117    </application>
118
119</manifest>